<?xml version="1.0" encoding="UTF-8"?>
<!-- Generated by org.testng.reporters.JUnitReportReporter -->
<testsuite hostname="karthik" failures="0" tests="1" name="mavenforjenkins.UITest" time="8.027" errors="0" timestamp="2023-05-26T16:48:48 IST" skipped="0">
  <testcase classname="mavenforjenkins.UITest" name="startBrowser" time="8.027"/>
  <system-out/>
</testsuite> <!-- mavenforjenkins.UITest -->
